<?xml version="1.0" encoding="UTF-8"?>
<testng-results ignored="0" total="1" passed="1" failed="0" skipped="0">
  <reporter-output>
  </reporter-output>
  <suite started-at="2024-06-04T13:59:36 IST" name="Suite" finished-at="2024-06-04T13:59:45 IST" duration-ms="9074">
    <groups>
    </groups>
    <test started-at="2024-06-04T13:59:36 IST" name="Test" finished-at="2024-06-04T13:59:45 IST" duration-ms="9074">
      <class name="first.SeleniumTestClass">
        <test-method signature="mainTest()[pri:0, instance:first.SeleniumTestClass@65c7a252]" started-at="2024-06-04T13:59:37 IST" name="mainTest" finished-at="2024-06-04T13:59:45 IST" duration-ms="8916" status="PASS">
          <reporter-output>
          </reporter-output>
        </test-method> <!-- mainTest -->
      </class> <!-- first.SeleniumTestClass -->
    </test> <!-- Test -->
  </suite> <!-- Suite -->
</testng-results>
